#
# There is insufficient memory for the Java Runtime Environment to continue.
# Native memory allocation (mmap) failed to map 65536 bytes for Failed to commit metaspace.
# Possible reasons:
#   The system is out of physical RAM or swap space
#   The process is running with CompressedOops enabled, and the Java Heap may be blocking the growth of the native heap
# Possible solutions:
#   Reduce memory load on the system
#   Increase physical memory or swap space
#   Check if swap backing store is full
#   Decrease Java heap size (-Xmx/-Xms)
#   Decrease number of Java threads
#   Decrease Java thread stack sizes (-Xss)
#   Set larger code cache with -XX:ReservedCodeCacheSize=
#   JVM is running with Unscaled Compressed Oops mode in which the Java heap is
#     placed in the first 4GB address space. The Java Heap base address is the
#     maximum limit for the native heap growth. Please use -XX:HeapBaseMinAddress
#     to set the Java Heap base and to place the Java Heap above 4GB virtual address.
# This output file may be truncated or incomplete.
#
#  Out of Memory Error (virtualSpaceNode.cpp:110), pid=17952, tid=31628
#
# JRE version: Java(TM) SE Runtime Environment (18.0.1.1+2) (build 18.0.1.1+2-6)
# Java VM: Java HotSpot(TM) 64-Bit Server VM (18.0.1.1+2-6, mixed mode, emulated-client, sharing, tiered, compressed oops, compressed class ptrs, g1 gc, windows-amd64)
# No core dump will be written. Minidumps are not enabled by default on client versions of Windows
#

---------------  S U M M A R Y ------------

Command Line: -XX:TieredStopAtLevel=1 -Dspring.output.ansi.enabled=always -Dcom.sun.management.jmxremote -Dspring.jmx.enabled=true -Dspring.liveBeansView.mbeanDomain -Dspring.application.admin.enabled=true -Dmanagement.endpoints.jmx.exposure.include=* -javaagent:C:\Program Files\JetBrains\IntelliJ IDEA 2023.1.4\lib\idea_rt.jar=60251:C:\Program Files\JetBrains\IntelliJ IDEA 2023.1.4\bin -Dfile.encoding=UTF-8 -Dsun.stdout.encoding=UTF-8 -Dsun.stderr.encoding=UTF-8 com.Travo.Travobackend.TravoBackendApplication

Host: Intel(R) Core(TM) i7-10710U CPU @ 1.10GHz, 12 cores, 7G,  Windows 10 , 64 bit Build 19041 (10.0.19041.3393)
Time: Wed Oct  4 11:20:00 2023 Sri Lanka Standard Time elapsed time: 1.789825 seconds (0d 0h 0m 1s)

---------------  T H R E A D  ---------------

Current thread (0x0000026f5fae1970):  JavaThread "main" [_thread_in_vm, id=31628, stack(0x00000088f9100000,0x00000088f9200000)]

Stack: [0x00000088f9100000,0x00000088f9200000]
Native frames: (J=compiled Java code, j=interpreted, Vv=VM code, C=native code)
V  [jvm.dll+0x69887a]
V  [jvm.dll+0x7f38bd]
V  [jvm.dll+0x7f51ce]
V  [jvm.dll+0x7f5883]
V  [jvm.dll+0x25ca3f]
V  [jvm.dll+0x7ef5cb]
V  [jvm.dll+0x63ea76]
V  [jvm.dll+0x1d721e]
V  [jvm.dll+0x64141b]
V  [jvm.dll+0x64121e]
V  [jvm.dll+0x63f43e]
V  [jvm.dll+0x649ab7]
V  [jvm.dll+0x202381]
V  [jvm.dll+0x2028b5]
V  [jvm.dll+0x2032ef]
V  [jvm.dll+0x1f8781]
V  [jvm.dll+0x55d685]
V  [jvm.dll+0x76db23]
V  [jvm.dll+0x76dc04]
V  [jvm.dll+0x42d234]
V  [jvm.dll+0x432f3f]
C  [java.dll+0x17ec]

Java frames: (J=compiled Java code, j=interpreted, Vv=VM code)
J 1136  java.lang.ClassLoader.defineClass1(Ljava/lang/ClassLoader;Ljava/lang/String;[BIILjava/security/ProtectionDomain;Ljava/lang/String;)Ljava/lang/Class; java.base@18.0.1.1 (0 bytes) @ 0x0000026f677ccc63 [0x0000026f677ccba0+0x00000000000000c3]
J 1219 c1 java.lang.ClassLoader.defineClass(Ljava/lang/String;[BIILjava/security/ProtectionDomain;)Ljava/lang/Class; java.base@18.0.1.1 (43 bytes) @ 0x0000026f677edb5c [0x0000026f677eda60+0x00000000000000fc]
J 1139 c1 jdk.internal.loader.BuiltinClassLoader.defineClass(Ljava/lang/String;Ljdk/internal/loader/Resource;)Ljava/lang/Class; java.base@18.0.1.1 (121 bytes) @ 0x0000026f677d1064 [0x0000026f677d0ba0+0x00000000000004c4]
J 1135 c1 jdk.internal.loader.BuiltinClassLoader.findClassOnClassPathOrNull(Ljava/lang/String;)Ljava/lang/Class; java.base@18.0.1.1 (64 bytes) @ 0x0000026f677cd3d4 [0x0000026f677cd140+0x0000000000000294]
J 951 c1 jdk.internal.loader.BuiltinClassLoader.loadClassOrNull(Ljava/lang/String;Z)Ljava/lang/Class; java.base@18.0.1.1 (143 bytes) @ 0x0000026f67778c0c [0x0000026f67778860+0x00000000000003ac]
J 1034 c1 jdk.internal.loader.ClassLoaders$AppClassLoader.loadClass(Ljava/lang/String;Z)Ljava/lang/Class; java.base@18.0.1.1 (40 bytes) @ 0x0000026f677a0cfc [0x0000026f677a0cc0+0x000000000000003c]
J 1033 c1 java.lang.ClassLoader.loadClass(Ljava/lang/String;)Ljava/lang/Class; java.base@18.0.1.1 (7 bytes) @ 0x0000026f677a10e4 [0x0000026f677a10a0+0x0000000000000044]
v  ~StubRoutines::call_stub
j  org.springframework.boot.context.properties.bind.Binder.<init>(Ljava/lang/Iterable;Lorg/springframework/boot/context/properties/bind/PlaceholdersResolver;Ljava/util/List;Ljava/util/function/Consumer;Lorg/springframework/boot/context/properties/bind/BindHandler;Lorg/springframework/boot/context/properties/bind/BindConstructorProvider;)V+107
j  org.springframework.boot.context.properties.bind.Binder.<init>(Ljava/lang/Iterable;Lorg/springframework/boot/context/properties/bind/PlaceholdersResolver;Lorg/springframework/core/convert/ConversionService;Ljava/util/function/Consumer;Lorg/springframework/boot/context/properties/bind/BindHandler;Lorg/springframework/boot/context/properties/bind/BindConstructorProvider;)V+24
j  org.springframework.boot.context.properties.bind.Binder.<init>(Ljava/lang/Iterable;Lorg/springframework/boot/context/properties/bind/PlaceholdersResolver;Lorg/springframework/core/convert/ConversionService;Ljava/util/function/Consumer;Lorg/springframework/boot/context/properties/bind/BindHandler;)V+9
j  org.springframework.boot.context.properties.bind.Binder.get(Lorg/springframework/core/env/Environment;Lorg/springframework/boot/context/properties/bind/BindHandler;)Lorg/springframework/boot/context/properties/bind/Binder;+23
j  org.springframework.boot.context.properties.bind.Binder.get(Lorg/springframework/core/env/Environment;)Lorg/springframework/boot/context/properties/bind/Binder;+2
j  org.springframework.boot.context.config.ConfigDataEnvironment.<init>(Lorg/springframework/boot/logging/DeferredLogFactory;Lorg/springframework/boot/ConfigurableBootstrapContext;Lorg/springframework/core/env/ConfigurableEnvironment;Lorg/springframework/core/io/ResourceLoader;Ljava/util/Collection;Lorg/springframework/boot/context/config/ConfigDataEnvironmentUpdateListener;)V+5
j  org.springframework.boot.context.config.ConfigDataEnvironmentPostProcessor.getConfigDataEnvironment(Lorg/springframework/core/env/ConfigurableEnvironment;Lorg/springframework/core/io/ResourceLoader;Ljava/util/Collection;)Lorg/springframework/boot/context/config/ConfigDataEnvironment;+19
j  org.springframework.boot.context.config.ConfigDataEnvironmentPostProcessor.postProcessEnvironment(Lorg/springframework/core/env/ConfigurableEnvironment;Lorg/springframework/core/io/ResourceLoader;Ljava/util/Collection;)V+31
j  org.springframework.boot.context.config.ConfigDataEnvironmentPostProcessor.postProcessEnvironment(Lorg/springframework/core/env/ConfigurableEnvironment;Lorg/springframework/boot/SpringApplication;)V+10
j  org.springframework.boot.env.EnvironmentPostProcessorApplicationListener.onApplicationEnvironmentPreparedEvent(Lorg/springframework/boot/context/event/ApplicationEnvironmentPreparedEvent;)V+55
j  org.springframework.boot.env.EnvironmentPostProcessorApplicationListener.onApplicationEvent(Lorg/springframework/context/ApplicationEvent;)V+14
j  org.springframework.context.event.SimpleApplicationEventMulticaster.doInvokeListener(Lorg/springframework/context/ApplicationListener;Lorg/springframework/context/ApplicationEvent;)V+2
j  org.springframework.context.event.SimpleApplicationEventMulticaster.invokeListener(Lorg/springframework/context/ApplicationListener;Lorg/springframework/context/ApplicationEvent;)V+34
j  org.springframework.context.event.SimpleApplicationEventMulticaster.multicastEvent(Lorg/springframework/context/ApplicationEvent;Lorg/springframework/core/ResolvableType;)V+82
j  org.springframework.context.event.SimpleApplicationEventMulticaster.multicastEvent(Lorg/springframework/context/ApplicationEvent;)V+3
j  org.springframework.boot.context.event.EventPublishingRunListener.multicastInitialEvent(Lorg/springframework/context/ApplicationEvent;)V+9
j  org.springframework.boot.context.event.EventPublishingRunListener.environmentPrepared(Lorg/springframework/boot/ConfigurableBootstrapContext;Lorg/springframework/core/env/ConfigurableEnvironment;)V+18
j  org.springframework.boot.SpringApplicationRunListeners.lambda$environmentPrepared$2(Lorg/springframework/boot/ConfigurableBootstrapContext;Lorg/springframework/core/env/ConfigurableEnvironment;Lorg/springframework/boot/SpringApplicationRunListener;)V+3
j  org.springframework.boot.SpringApplicationRunListeners$$Lambda$157+0x0000000800d1f0b8.accept(Ljava/lang/Object;)V+12
j  java.lang.Iterable.forEach(Ljava/util/function/Consumer;)V+30 java.base@18.0.1.1
j  org.springframework.boot.SpringApplicationRunListeners.doWithListeners(Ljava/lang/String;Ljava/util/function/Consumer;Ljava/util/function/Consumer;)V+17
j  org.springframework.boot.SpringApplicationRunListeners.doWithListeners(Ljava/lang/String;Ljava/util/function/Consumer;)V+4
j  org.springframework.boot.SpringApplicationRunListeners.environmentPrepared(Lorg/springframework/boot/ConfigurableBootstrapContext;Lorg/springframework/core/env/ConfigurableEnvironment;)V+10
j  org.springframework.boot.SpringApplication.prepareEnvironment(Lorg/springframework/boot/SpringApplicationRunListeners;Lorg/springframework/boot/DefaultBootstrapContext;Lorg/springframework/boot/ApplicationArguments;)Lorg/springframework/core/env/ConfigurableEnvironment;+27
j  org.springframework.boot.SpringApplication.run([Ljava/lang/String;)Lorg/springframework/context/ConfigurableApplicationContext;+52
j  org.springframework.boot.SpringApplication.run([Ljava/lang/Class;[Ljava/lang/String;)Lorg/springframework/context/ConfigurableApplicationContext;+9
j  org.springframework.boot.SpringApplication.run(Ljava/lang/Class;[Ljava/lang/String;)Lorg/springframework/context/ConfigurableApplicationContext;+9
j  com.Travo.Travobackend.TravoBackendApplication.main([Ljava/lang/String;)V+3
v  ~StubRoutines::call_stub

---------------  P R O C E S S  ---------------

Threads class SMR info:
_java_thread_list=0x0000026f7653ea40, length=15, elements={
0x0000026f5fae1970, 0x0000026f71dbdcf0, 0x0000026f71dbe860, 0x0000026f71dd3ad0,
0x0000026f71dd4640, 0x0000026f71dd5f00, 0x0000026f71dd67b0, 0x0000026f71dd7060,
0x0000026f71dd7a90, 0x0000026f71da6750, 0x0000026f71e5e080, 0x0000026f71e5e580,
0x0000026f7644eee0, 0x0000026f7644f3a0, 0x0000026f7659bc70
}

Java Threads: ( => current thread )
=>0x0000026f5fae1970 JavaThread "main" [_thread_in_vm, id=31628, stack(0x00000088f9100000,0x00000088f9200000)]
  0x0000026f71dbdcf0 JavaThread "Reference Handler" daemon [_thread_blocked, id=31048, stack(0x00000088f9800000,0x00000088f9900000)]
  0x0000026f71dbe860 JavaThread "Finalizer" daemon [_thread_blocked, id=2476, stack(0x00000088f9900000,0x00000088f9a00000)]
  0x0000026f71dd3ad0 JavaThread "Signal Dispatcher" daemon [_thread_blocked, id=26668, stack(0x00000088f9a00000,0x00000088f9b00000)]
  0x0000026f71dd4640 JavaThread "Attach Listener" daemon [_thread_blocked, id=29068, stack(0x00000088f9b00000,0x00000088f9c00000)]
  0x0000026f71dd5f00 JavaThread "Service Thread" daemon [_thread_blocked, id=19620, stack(0x00000088f9c00000,0x00000088f9d00000)]
  0x0000026f71dd67b0 JavaThread "Monitor Deflation Thread" daemon [_thread_blocked, id=3476, stack(0x00000088f9d00000,0x00000088f9e00000)]
  0x0000026f71dd7060 JavaThread "C1 CompilerThread0" daemon [_thread_blocked, id=12800, stack(0x00000088f9e00000,0x00000088f9f00000)]
  0x0000026f71dd7a90 JavaThread "Sweeper thread" daemon [_thread_blocked, id=12124, stack(0x00000088f9f00000,0x00000088fa000000)]
  0x0000026f71da6750 JavaThread "Common-Cleaner" daemon [_thread_blocked, id=23848, stack(0x00000088fa000000,0x00000088fa100000)]
  0x0000026f71e5e080 JavaThread "C1 CompilerThread1" daemon [_thread_blocked, id=19136, stack(0x00000088fa100000,0x00000088fa200000)]
  0x0000026f71e5e580 JavaThread "C1 CompilerThread2" daemon [_thread_blocked, id=20188, stack(0x00000088fa200000,0x00000088fa300000)]
  0x0000026f7644eee0 JavaThread "Monitor Ctrl-Break" daemon [_thread_in_native, id=7092, stack(0x00000088fa300000,0x00000088fa400000)]
  0x0000026f7644f3a0 JavaThread "Notification Thread" daemon [_thread_blocked, id=3440, stack(0x00000088fa400000,0x00000088fa500000)]
  0x0000026f7659bc70 JavaThread "RMI TCP Accept-0" daemon [_thread_in_native, id=20076, stack(0x00000088fa500000,0x00000088fa600000)]

Other Threads:
  0x0000026f71db95d0 VMThread "VM Thread" [stack: 0x00000088f9700000,0x00000088f9800000] [id=25820]
  0x0000026f5fae2910 WatcherThread "VM Periodic Task Thread" [stack: 0x00000088fa600000,0x00000088fa700000] [id=13700]
  0x0000026f5fb41a80 WorkerThread "GC Thread#0" [stack: 0x00000088f9200000,0x00000088f9300000] [id=32120]
  0x0000026f7695a310 WorkerThread "GC Thread#1" [stack: 0x00000088fa700000,0x00000088fa800000] [id=31000]
  0x0000026f7695a5b0 WorkerThread "GC Thread#2" [stack: 0x00000088fa800000,0x00000088fa900000] [id=22960]
  0x0000026f7695e220 WorkerThread "GC Thread#3" [stack: 0x00000088fa900000,0x00000088faa00000] [id=11100]
  0x0000026f769cbdc0 WorkerThread "GC Thread#4" [stack: 0x00000088faa00000,0x00000088fab00000] [id=10384]
  0x0000026f769cc060 WorkerThread "GC Thread#5" [stack: 0x00000088fab00000,0x00000088fac00000] [id=27328]
  0x0000026f769cc300 WorkerThread "GC Thread#6" [stack: 0x00000088fac00000,0x00000088fad00000] [id=12512]
  0x0000026f5fb53350 ConcurrentGCThread "G1 Main Marker" [stack: 0x00000088f9300000,0x00000088f9400000] [id=17296]
  0x0000026f5fb53c50 WorkerThread "G1 Conc#0" [stack: 0x00000088f9400000,0x00000088f9500000] [id=16916]
  0x0000026f5fb9e080 ConcurrentGCThread "G1 Refine#0" [stack: 0x00000088f9500000,0x00000088f9600000] [id=22092]
  0x0000026f5fb9e8a0 ConcurrentGCThread "G1 Service" [stack: 0x00000088f9600000,0x00000088f9700000] [id=12396]

Threads with active compile tasks:

VM state: not at safepoint (normal execution)

VM Mutex/Monitor currently owned by a thread:  ([mutex/lock_event])
[0x0000026f5fadcf90] Metaspace_lock - owner thread: 0x0000026f5fae1970

Heap address: 0x0000000082c00000, size: 2004 MB, Compressed Oops mode: 32-bit

CDS archive(s) mapped at: [0x0000000800000000-0x0000000800ba0000-0x0000000800ba0000), size 12189696, SharedBaseAddress: 0x0000000800000000, ArchiveRelocationMode: 0.
Compressed class space mapped at: 0x0000000800c00000-0x0000000840c00000, reserved size: 1073741824
Narrow klass base: 0x0000000800000000, Narrow klass shift: 0, Narrow klass range: 0x100000000

GC Precious Log:
 CardTable entry size: 512
 Card Set container configuration: InlinePtr #cards 5 size 8 Array Of Cards #cards 12 size 40 Howl #buckets 4 coarsen threshold 1843 Howl Bitmap #cards 512 size 80 coarsen threshold 460 Card regions per heap region 1 cards per card region 2048
 CPUs: 12 total, 12 available
 Memory: 8012M
 Large Page Support: Disabled
 NUMA Support: Disabled
 Compressed Oops: Enabled (32-bit)
 Heap Region Size: 1M
 Heap Min Capacity: 8M
 Heap Initial Capacity: 126M
 Heap Max Capacity: 2004M
 Pre-touch: Disabled
 Parallel Workers: 10
 Concurrent Workers: 3
 Concurrent Refinement Workers: 10
 Periodic GC: Disabled

Heap:
 garbage-first heap   total 129024K, used 10533K [0x0000000082c00000, 0x0000000100000000)
  region size 1024K, 7 young (7168K), 3 survivors (3072K)
 Metaspace       used 8426K, committed 8576K, reserved 1114112K
  class space    used 1062K, committed 1152K, reserved 1048576K

Heap Regions: E=young(eden), S=young(survivor), O=old, HS=humongous(starts), HC=humongous(continues), CS=collection set, F=free, OA=open archive, CA=closed archive, TAMS=top-at-mark-start (previous, next)
|   0|0x0000000082c00000, 0x0000000082d00000, 0x0000000082d00000|100%|HS|  |TAMS 0x0000000082c00000, 0x0000000082c00000| Complete 
|   1|0x0000000082d00000, 0x0000000082e00000, 0x0000000082e00000|100%| O|  |TAMS 0x0000000082d00000, 0x0000000082d00000| Untracked 
|   2|0x0000000082e00000, 0x0000000082f00000, 0x0000000082f00000|100%| O|  |TAMS 0x0000000082e00000, 0x0000000082e00000| Untracked 
|   3|0x0000000082f00000, 0x0000000083000000, 0x0000000083000000|100%| O|  |TAMS 0x0000000082f00000, 0x0000000082f00000| Untracked 
|   4|0x0000000083000000, 0x0000000083049600, 0x0000000083100000| 28%| O|  |TAMS 0x0000000083000000, 0x0000000083000000| Untracked 
|   5|0x0000000083100000, 0x0000000083100000, 0x0000000083200000|  0%| F|  |TAMS 0x0000000083100000, 0x0000000083100000| Untracked 
|   6|0x0000000083200000, 0x0000000083200000, 0x0000000083300000|  0%| F|  |TAMS 0x0000000083200000, 0x0000000083200000| Untracked 
|   7|0x0000000083300000, 0x0000000083300000, 0x0000000083400000|  0%| F|  |TAMS 0x0000000083300000, 0x0000000083300000| Untracked 
|   8|0x0000000083400000, 0x0000000083400000, 0x0000000083500000|  0%| F|  |TAMS 0x0000000083400000, 0x0000000083400000| Untracked 
|   9|0x0000000083500000, 0x0000000083500000, 0x0000000083600000|  0%| F|  |TAMS 0x0000000083500000, 0x0000000083500000| Untracked 
|  10|0x0000000083600000, 0x0000000083600000, 0x0000000083700000|  0%| F|  |TAMS 0x0000000083600000, 0x0000000083600000| Untracked 
|  11|0x0000000083700000, 0x0000000083700000, 0x0000000083800000|  0%| F|  |TAMS 0x0000000083700000, 0x0000000083700000| Untracked 
|  12|0x0000000083800000, 0x0000000083800000, 0x0000000083900000|  0%| F|  |TAMS 0x0000000083800000, 0x0000000083800000| Untracked 
|  13|0x0000000083900000, 0x0000000083900000, 0x0000000083a00000|  0%| F|  |TAMS 0x0000000083900000, 0x0000000083900000| Untracked 
|  14|0x0000000083a00000, 0x0000000083a00000, 0x0000000083b00000|  0%| F|  |TAMS 0x0000000083a00000, 0x0000000083a00000| Untracked 
|  15|0x0000000083b00000, 0x0000000083b00000, 0x0000000083c00000|  0%| F|  |TAMS 0x0000000083b00000, 0x0000000083b00000| Untracked 
|  16|0x0000000083c00000, 0x0000000083c00000, 0x0000000083d00000|  0%| F|  |TAMS 0x0000000083c00000, 0x0000000083c00000| Untracked 
|  17|0x0000000083d00000, 0x0000000083d00000, 0x0000000083e00000|  0%| F|  |TAMS 0x0000000083d00000, 0x0000000083d00000| Untracked 
|  18|0x0000000083e00000, 0x0000000083e00000, 0x0000000083f00000|  0%| F|  |TAMS 0x0000000083e00000, 0x0000000083e00000| Untracked 
|  19|0x0000000083f00000, 0x0000000083f00000, 0x0000000084000000|  0%| F|  |TAMS 0x0000000083f00000, 0x0000000083f00000| Untracked 
|  20|0x0000000084000000, 0x0000000084000000, 0x0000000084100000|  0%| F|  |TAMS 0x0000000084000000, 0x0000000084000000| Untracked 
|  21|0x0000000084100000, 0x0000000084100000, 0x0000000084200000|  0%| F|  |TAMS 0x0000000084100000, 0x0000000084100000| Untracked 
|  22|0x0000000084200000, 0x0000000084200000, 0x0000000084300000|  0%| F|  |TAMS 0x0000000084200000, 0x0000000084200000| Untracked 
|  23|0x0000000084300000, 0x0000000084300000, 0x0000000084400000|  0%| F|  |TAMS 0x0000000084300000, 0x0000000084300000| Untracked 
|  24|0x0000000084400000, 0x0000000084400000, 0x0000000084500000|  0%| F|  |TAMS 0x0000000084400000, 0x0000000084400000| Untracked 
|  25|0x0000000084500000, 0x0000000084500000, 0x0000000084600000|  0%| F|  |TAMS 0x0000000084500000, 0x0000000084500000| Untracked 
|  26|0x0000000084600000, 0x0000000084600000, 0x0000000084700000|  0%| F|  |TAMS 0x0000000084600000, 0x0000000084600000| Untracked 
|  27|0x0000000084700000, 0x0000000084700000, 0x0000000084800000|  0%| F|  |TAMS 0x0000000084700000, 0x0000000084700000| Untracked 
|  28|0x0000000084800000, 0x0000000084800000, 0x0000000084900000|  0%| F|  |TAMS 0x0000000084800000, 0x0000000084800000| Untracked 
|  29|0x0000000084900000, 0x0000000084900000, 0x0000000084a00000|  0%| F|  |TAMS 0x0000000084900000, 0x0000000084900000| Untracked 
|  30|0x0000000084a00000, 0x0000000084a00000, 0x0000000084b00000|  0%| F|  |TAMS 0x0000000084a00000, 0x0000000084a00000| Untracked 
|  31|0x0000000084b00000, 0x0000000084b00000, 0x0000000084c00000|  0%| F|  |TAMS 0x0000000084b00000, 0x0000000084b00000| Untracked 
|  32|0x0000000084c00000, 0x0000000084c00000, 0x0000000084d00000|  0%| F|  |TAMS 0x0000000084c00000, 0x0000000084c00000| Untracked 
|  33|0x0000000084d00000, 0x0000000084d00000, 0x0000000084e00000|  0%| F|  |TAMS 0x0000000084d00000, 0x0000000084d00000| Untracked 
|  34|0x0000000084e00000, 0x0000000084e00000, 0x0000000084f00000|  0%| F|  |TAMS 0x0000000084e00000, 0x0000000084e00000| Untracked 
|  35|0x0000000084f00000, 0x0000000084f00000, 0x0000000085000000|  0%| F|  |TAMS 0x0000000084f00000, 0x0000000084f00000| Untracked 
|  36|0x0000000085000000, 0x0000000085000000, 0x0000000085100000|  0%| F|  |TAMS 0x0000000085000000, 0x0000000085000000| Untracked 
|  37|0x0000000085100000, 0x0000000085100000, 0x0000000085200000|  0%| F|  |TAMS 0x0000000085100000, 0x0000000085100000| Untracked 
|  38|0x0000000085200000, 0x0000000085200000, 0x0000000085300000|  0%| F|  |TAMS 0x0000000085200000, 0x0000000085200000| Untracked 
|  39|0x0000000085300000, 0x0000000085300000, 0x0000000085400000|  0%| F|  |TAMS 0x0000000085300000, 0x0000000085300000| Untracked 
|  40|0x0000000085400000, 0x0000000085400000, 0x0000000085500000|  0%| F|  |TAMS 0x0000000085400000, 0x0000000085400000| Untracked 
|  41|0x0000000085500000, 0x0000000085500000, 0x0000000085600000|  0%| F|  |TAMS 0x0000000085500000, 0x0000000085500000| Untracked 
|  42|0x0000000085600000, 0x0000000085600000, 0x0000000085700000|  0%| F|  |TAMS 0x0000000085600000, 0x0000000085600000| Untracked 
|  43|0x0000000085700000, 0x0000000085700000, 0x0000000085800000|  0%| F|  |TAMS 0x0000000085700000, 0x0000000085700000| Untracked 
|  44|0x0000000085800000, 0x0000000085800000, 0x0000000085900000|  0%| F|  |TAMS 0x0000000085800000, 0x0000000085800000| Untracked 
|  45|0x0000000085900000, 0x0000000085900000, 0x0000000085a00000|  0%| F|  |TAMS 0x0000000085900000, 0x0000000085900000| Untracked 
|  46|0x0000000085a00000, 0x0000000085a00000, 0x0000000085b00000|  0%| F|  |TAMS 0x0000000085a00000, 0x0000000085a00000| Untracked 
|  47|0x0000000085b00000, 0x0000000085b00000, 0x0000000085c00000|  0%| F|  |TAMS 0x0000000085b00000, 0x0000000085b00000| Untracked 
|  48|0x0000000085c00000, 0x0000000085c00000, 0x0000000085d00000|  0%| F|  |TAMS 0x0000000085c00000, 0x0000000085c00000| Untracked 
|  49|0x0000000085d00000, 0x0000000085d00000, 0x0000000085e00000|  0%| F|  |TAMS 0x0000000085d00000, 0x0000000085d00000| Untracked 
|  50|0x0000000085e00000, 0x0000000085e00000, 0x0000000085f00000|  0%| F|  |TAMS 0x0000000085e00000, 0x0000000085e00000| Untracked 
|  51|0x0000000085f00000, 0x0000000085f00000, 0x0000000086000000|  0%| F|  |TAMS 0x0000000085f00000, 0x0000000085f00000| Untracked 
|  52|0x0000000086000000, 0x0000000086000000, 0x0000000086100000|  0%| F|  |TAMS 0x0000000086000000, 0x0000000086000000| Untracked 
|  53|0x0000000086100000, 0x0000000086100000, 0x0000000086200000|  0%| F|  |TAMS 0x0000000086100000, 0x0000000086100000| Untracked 
|  54|0x0000000086200000, 0x0000000086200000, 0x0000000086300000|  0%| F|  |TAMS 0x0000000086200000, 0x0000000086200000| Untracked 
|  55|0x0000000086300000, 0x0000000086300000, 0x0000000086400000|  0%| F|  |TAMS 0x0000000086300000, 0x0000000086300000| Untracked 
|  56|0x0000000086400000, 0x0000000086400000, 0x0000000086500000|  0%| F|  |TAMS 0x0000000086400000, 0x0000000086400000| Untracked 
|  57|0x0000000086500000, 0x0000000086500000, 0x0000000086600000|  0%| F|  |TAMS 0x0000000086500000, 0x0000000086500000| Untracked 
|  58|0x0000000086600000, 0x0000000086600000, 0x0000000086700000|  0%| F|  |TAMS 0x0000000086600000, 0x0000000086600000| Untracked 
|  59|0x0000000086700000, 0x0000000086700000, 0x0000000086800000|  0%| F|  |TAMS 0x0000000086700000, 0x0000000086700000| Untracked 
|  60|0x0000000086800000, 0x0000000086800000, 0x0000000086900000|  0%| F|  |TAMS 0x0000000086800000, 0x0000000086800000| Untracked 
|  61|0x0000000086900000, 0x0000000086900000, 0x0000000086a00000|  0%| F|  |TAMS 0x0000000086900000, 0x0000000086900000| Untracked 
|  62|0x0000000086a00000, 0x0000000086a00000, 0x0000000086b00000|  0%| F|  |TAMS 0x0000000086a00000, 0x0000000086a00000| Untracked 
|  63|0x0000000086b00000, 0x0000000086b00000, 0x0000000086c00000|  0%| F|  |TAMS 0x0000000086b00000, 0x0000000086b00000| Untracked 
|  64|0x0000000086c00000, 0x0000000086c00000, 0x0000000086d00000|  0%| F|  |TAMS 0x0000000086c00000, 0x0000000086c00000| Untracked 
|  65|0x0000000086d00000, 0x0000000086d00000, 0x0000000086e00000|  0%| F|  |TAMS 0x0000000086d00000, 0x0000000086d00000| Untracked 
|  66|0x0000000086e00000, 0x0000000086e00000, 0x0000000086f00000|  0%| F|  |TAMS 0x0000000086e00000, 0x0000000086e00000| Untracked 
|  67|0x0000000086f00000, 0x0000000086f00000, 0x0000000087000000|  0%| F|  |TAMS 0x0000000086f00000, 0x0000000086f00000| Untracked 
|  68|0x0000000087000000, 0x0000000087000000, 0x0000000087100000|  0%| F|  |TAMS 0x0000000087000000, 0x0000000087000000| Untracked 
|  69|0x0000000087100000, 0x0000000087100000, 0x0000000087200000|  0%| F|  |TAMS 0x0000000087100000, 0x0000000087100000| Untracked 
|  70|0x0000000087200000, 0x0000000087200000, 0x0000000087300000|  0%| F|  |TAMS 0x0000000087200000, 0x0000000087200000| Untracked 
|  71|0x0000000087300000, 0x0000000087300000, 0x0000000087400000|  0%| F|  |TAMS 0x0000000087300000, 0x0000000087300000| Untracked 
|  72|0x0000000087400000, 0x0000000087400000, 0x0000000087500000|  0%| F|  |TAMS 0x0000000087400000, 0x0000000087400000| Untracked 
|  73|0x0000000087500000, 0x0000000087500000, 0x0000000087600000|  0%| F|  |TAMS 0x0000000087500000, 0x0000000087500000| Untracked 
|  74|0x0000000087600000, 0x0000000087600000, 0x0000000087700000|  0%| F|  |TAMS 0x0000000087600000, 0x0000000087600000| Untracked 
|  75|0x0000000087700000, 0x0000000087700000, 0x0000000087800000|  0%| F|  |TAMS 0x0000000087700000, 0x0000000087700000| Untracked 
|  76|0x0000000087800000, 0x0000000087800000, 0x0000000087900000|  0%| F|  |TAMS 0x0000000087800000, 0x0000000087800000| Untracked 
|  77|0x0000000087900000, 0x0000000087900000, 0x0000000087a00000|  0%| F|  |TAMS 0x0000000087900000, 0x0000000087900000| Untracked 
|  78|0x0000000087a00000, 0x0000000087a00000, 0x0000000087b00000|  0%| F|  |TAMS 0x0000000087a00000, 0x0000000087a00000| Untracked 
|  79|0x0000000087b00000, 0x0000000087b00000, 0x0000000087c00000|  0%| F|  |TAMS 0x0000000087b00000, 0x0000000087b00000| Untracked 
|  80|0x0000000087c00000, 0x0000000087c00000, 0x0000000087d00000|  0%| F|  |TAMS 0x0000000087c00000, 0x0000000087c00000| Untracked 
|  81|0x0000000087d00000, 0x0000000087d00000, 0x0000000087e00000|  0%| F|  |TAMS 0x0000000087d00000, 0x0000000087d00000| Untracked 
|  82|0x0000000087e00000, 0x0000000087e00000, 0x0000000087f00000|  0%| F|  |TAMS 0x0000000087e00000, 0x0000000087e00000| Untracked 
|  83|0x0000000087f00000, 0x0000000087f00000, 0x0000000088000000|  0%| F|  |TAMS 0x0000000087f00000, 0x0000000087f00000| Untracked 
|  84|0x0000000088000000, 0x0000000088000000, 0x0000000088100000|  0%| F|  |TAMS 0x0000000088000000, 0x0000000088000000| Untracked 
|  85|0x0000000088100000, 0x0000000088100000, 0x0000000088200000|  0%| F|  |TAMS 0x0000000088100000, 0x0000000088100000| Untracked 
|  86|0x0000000088200000, 0x0000000088200000, 0x0000000088300000|  0%| F|  |TAMS 0x0000000088200000, 0x0000000088200000| Untracked 
|  87|0x0000000088300000, 0x0000000088300000, 0x0000000088400000|  0%| F|  |TAMS 0x0000000088300000, 0x0000000088300000| Untracked 
|  88|0x0000000088400000, 0x0000000088400000, 0x0000000088500000|  0%| F|  |TAMS 0x0000000088400000, 0x0000000088400000| Untracked 
|  89|0x0000000088500000, 0x0000000088500000, 0x0000000088600000|  0%| F|  |TAMS 0x0000000088500000, 0x0000000088500000| Untracked 
|  90|0x0000000088600000, 0x0000000088600000, 0x0000000088700000|  0%| F|  |TAMS 0x0000000088600000, 0x0000000088600000| Untracked 
|  91|0x0000000088700000, 0x0000000088700000, 0x0000000088800000|  0%| F|  |TAMS 0x0000000088700000, 0x0000000088700000| Untracked 
|  92|0x0000000088800000, 0x0000000088800000, 0x0000000088900000|  0%| F|  |TAMS 0x0000000088800000, 0x0000000088800000| Untracked 
|  93|0x0000000088900000, 0x0000000088900000, 0x0000000088a00000|  0%| F|  |TAMS 0x0000000088900000, 0x0000000088900000| Untracked 
|  94|0x0000000088a00000, 0x0000000088a00000, 0x0000000088b00000|  0%| F|  |TAMS 0x0000000088a00000, 0x0000000088a00000| Untracked 
|  95|0x0000000088b00000, 0x0000000088b00000, 0x0000000088c00000|  0%| F|  |TAMS 0x0000000088b00000, 0x0000000088b00000| Untracked 
|  96|0x0000000088c00000, 0x0000000088c00000, 0x0000000088d00000|  0%| F|  |TAMS 0x0000000088c00000, 0x0000000088c00000| Untracked 
|  97|0x0000000088d00000, 0x0000000088d00000, 0x0000000088e00000|  0%| F|  |TAMS 0x0000000088d00000, 0x0000000088d00000| Untracked 
|  98|0x0000000088e00000, 0x0000000088e00000, 0x0000000088f00000|  0%| F|  |TAMS 0x0000000088e00000, 0x0000000088e00000| Untracked 
|  99|0x0000000088f00000, 0x0000000088f00000, 0x0000000089000000|  0%| F|  |TAMS 0x0000000088f00000, 0x0000000088f00000| Untracked 
| 100|0x0000000089000000, 0x0000000089100000, 0x0000000089100000|100%| S|CS|TAMS 0x0000000089000000, 0x0000000089000000| Complete 
| 101|0x0000000089100000, 0x0000000089200000, 0x0000000089200000|100%| S|CS|TAMS 0x0000000089100000, 0x0000000089100000| Complete 
| 102|0x0000000089200000, 0x0000000089300000, 0x0000000089300000|100%| S|CS|TAMS 0x0000000089200000, 0x0000000089200000| Complete 
| 103|0x0000000089300000, 0x0000000089300000, 0x0000000089400000|  0%| F|  |TAMS 0x0000000089300000, 0x0000000089300000| Untracked 
| 104|0x0000000089400000, 0x0000000089400000, 0x0000000089500000|  0%| F|  |TAMS 0x0000000089400000, 0x0000000089400000| Untracked 
| 105|0x0000000089500000, 0x0000000089500000, 0x0000000089600000|  0%| F|  |TAMS 0x0000000089500000, 0x0000000089500000| Untracked 
| 106|0x0000000089600000, 0x0000000089600000, 0x0000000089700000|  0%| F|  |TAMS 0x0000000089600000, 0x0000000089600000| Untracked 
| 107|0x0000000089700000, 0x0000000089700000, 0x0000000089800000|  0%| F|  |TAMS 0x0000000089700000, 0x0000000089700000| Untracked 
| 108|0x0000000089800000, 0x0000000089800000, 0x0000000089900000|  0%| F|  |TAMS 0x0000000089800000, 0x0000000089800000| Untracked 
| 109|0x0000000089900000, 0x0000000089900000, 0x0000000089a00000|  0%| F|  |TAMS 0x0000000089900000, 0x0000000089900000| Untracked 
| 110|0x0000000089a00000, 0x0000000089a00000, 0x0000000089b00000|  0%| F|  |TAMS 0x0000000089a00000, 0x0000000089a00000| Untracked 
| 111|0x0000000089b00000, 0x0000000089b00000, 0x0000000089c00000|  0%| F|  |TAMS 0x0000000089b00000, 0x0000000089b00000| Untracked 
| 112|0x0000000089c00000, 0x0000000089c00000, 0x0000000089d00000|  0%| F|  |TAMS 0x0000000089c00000, 0x0000000089c00000| Untracked 
| 113|0x0000000089d00000, 0x0000000089d00000, 0x0000000089e00000|  0%| F|  |TAMS 0x0000000089d00000, 0x0000000089d00000| Untracked 
| 114|0x0000000089e00000, 0x0000000089e00000, 0x0000000089f00000|  0%| F|  |TAMS 0x0000000089e00000, 0x0000000089e00000| Untracked 
| 115|0x0000000089f00000, 0x0000000089f00000, 0x000000008a000000|  0%| F|  |TAMS 0x0000000089f00000, 0x0000000089f00000| Untracked 
| 116|0x000000008a000000, 0x000000008a000000, 0x000000008a100000|  0%| F|  |TAMS 0x000000008a000000, 0x000000008a000000| Untracked 
| 117|0x000000008a100000, 0x000000008a100000, 0x000000008a200000|  0%| F|  |TAMS 0x000000008a100000, 0x000000008a100000| Untracked 
| 118|0x000000008a200000, 0x000000008a200000, 0x000000008a300000|  0%| F|  |TAMS 0x000000008a200000, 0x000000008a200000| Untracked 
| 119|0x000000008a300000, 0x000000008a300000, 0x000000008a400000|  0%| F|  |TAMS 0x000000008a300000, 0x000000008a300000| Untracked 
| 120|0x000000008a400000, 0x000000008a400000, 0x000000008a500000|  0%| F|  |TAMS 0x000000008a400000, 0x000000008a400000| Untracked 
| 121|0x000000008a500000, 0x000000008a500000, 0x000000008a600000|  0%| F|  |TAMS 0x000000008a500000, 0x000000008a500000| Untracked 
| 122|0x000000008a600000, 0x000000008a663ca0, 0x000000008a700000| 38%| E|  |TAMS 0x000000008a600000, 0x000000008a600000| Complete 
| 123|0x000000008a700000, 0x000000008a800000, 0x000000008a800000|100%| E|CS|TAMS 0x000000008a700000, 0x000000008a700000| Complete 
| 124|0x000000008a800000, 0x000000008a900000, 0x000000008a900000|100%| E|CS|TAMS 0x000000008a800000, 0x000000008a800000| Complete 
| 125|0x000000008a900000, 0x000000008aa00000, 0x000000008aa00000|100%| E|CS|TAMS 0x000000008a900000, 0x000000008a900000| Complete 

Card table byte_map: [0x0000026f6ab30000,0x0000026f6af20000] _byte_map_base: 0x0000026f6a71a000

Marking Bits (Prev, Next): (CMBitMap*) 0x0000026f5fb42fa0, (CMBitMap*) 0x0000026f5fb42fe0
 Prev Bits: [0x0000026f6b310000, 0x0000026f6d260000)
 Next Bits: [0x0000026f6d260000, 0x0000026f6f1b0000)

Polling page: 0x0000026f5da60000

Metaspace:

Usage:
  Non-class:      7.19 MB used.
      Class:      1.04 MB used.
       Both:      8.23 MB used.

Virtual space:
  Non-class space:       64.00 MB reserved,       7.25 MB ( 11%) committed,  1 nodes.
      Class space:        1.00 GB reserved,       1.12 MB ( <1%) committed,  1 nodes.
             Both:        1.06 GB reserved,       8.38 MB ( <1%) committed. 

Chunk freelists:
   Non-Class:  304.00 KB
       Class:  2.81 MB
        Both:  3.11 MB

MaxMetaspaceSize: unlimited
CompressedClassSpaceSize: 1.00 GB
Initial GC threshold: 21.00 MB
Current GC threshold: 21.00 MB
CDS: on
MetaspaceReclaimPolicy: balanced
 - commit_granule_bytes: 65536.
 - commit_granule_words: 8192.
 - virtual_space_node_default_size: 8388608.
 - enlarge_chunks_in_place: 1.
 - new_chunks_are_fully_committed: 0.
 - uncommit_free_chunks: 1.
 - use_allocation_guard: 0.


Internal statistics:

num_allocs_failed_limit: 0.
num_arena_births: 150.
num_arena_deaths: 0.
num_vsnodes_births: 2.
num_vsnodes_deaths: 0.
num_space_committed: 134.
num_space_uncommitted: 0.
num_chunks_returned_to_freelist: 0.
num_chunks_taken_from_freelist: 317.
num_chunk_merges: 0.
num_chunk_splits: 205.
num_chunks_enlarged: 143.
num_inconsistent_stats: 0.

CodeCache: size=49152Kb used=4198Kb max_used=4198Kb free=44953Kb
 bounds [0x0000026f67410000, 0x0000026f67830000, 0x0000026f6a410000]
 total_blobs=1819 nmethods=1365 adapters=380
 compilation: enabled
              stopped_count=0, restarted_count=0
 full_count=0

Compilation events (20 events):
Event: 1.781 Thread 0x0000026f71e5e580 1356       1       org.springframework.core.convert.converter.GenericConverter$ConvertiblePair::hashCode (19 bytes)
Event: 1.781 Thread 0x0000026f71e5e580 nmethod 1356 0x0000026f67824990 code [0x0000026f67824b40, 0x0000026f67824c78]
Event: 1.781 Thread 0x0000026f71e5e580 1357       1       java.lang.invoke.VarHandleReferences$FieldInstanceReadWrite::compareAndSet (48 bytes)
Event: 1.781 Thread 0x0000026f71dd7060 nmethod 1351 0x0000026f67824d90 code [0x0000026f67824f60, 0x0000026f678254c8]
Event: 1.781 Thread 0x0000026f71dd7060 1358       1       java.util.Collections::singleton (9 bytes)
Event: 1.781 Thread 0x0000026f71e5e580 nmethod 1357 0x0000026f67825710 code [0x0000026f67825920, 0x0000026f67825e88]
Event: 1.781 Thread 0x0000026f71dd7060 nmethod 1358 0x0000026f67826110 code [0x0000026f678262a0, 0x0000026f678263f8]
Event: 1.781 Thread 0x0000026f71e5e580 1359       1       java.util.Collections$SingletonSet::iterator (8 bytes)
Event: 1.781 Thread 0x0000026f71dd7060 1360       1       org.springframework.boot.convert.ApplicationConversionService::addConverter (10 bytes)
Event: 1.781 Thread 0x0000026f71e5e580 nmethod 1359 0x0000026f67826490 code [0x0000026f67826620, 0x0000026f67826798]
Event: 1.781 Thread 0x0000026f71e5e580 1362       1       org.springframework.core.convert.support.GenericConversionService$Converters$$Lambda$154/0x0000000800d0ec30::apply (8 bytes)
Event: 1.781 Thread 0x0000026f71e5e080 nmethod 1355 0x0000026f67826810 code [0x0000026f67826aa0, 0x0000026f678275c8]
Event: 1.781 Thread 0x0000026f71dd7060 nmethod 1360 0x0000026f67827c10 code [0x0000026f67827dc0, 0x0000026f67827f88]
Event: 1.781 Thread 0x0000026f71e5e080 1363       1       org.springframework.core.convert.support.GenericConversionService$Converters::lambda$getMatchableConverters$0 (8 bytes)
Event: 1.781 Thread 0x0000026f71dd7060 1364       1       org.springframework.core.convert.support.GenericConversionService$ConvertersForPair::<init> (16 bytes)
Event: 1.781 Thread 0x0000026f71dd7060 nmethod 1364 0x0000026f67828110 code [0x0000026f678282a0, 0x0000026f67828538]
Event: 1.782 Thread 0x0000026f71e5e580 nmethod 1362 0x0000026f67828610 code [0x0000026f678287c0, 0x0000026f67828b18]
Event: 1.782 Thread 0x0000026f71dd7060 1365       1       org.springframework.core.ResolvableType::equals (160 bytes)
Event: 1.782 Thread 0x0000026f71e5e080 nmethod 1363 0x0000026f67828c10 code [0x0000026f67828dc0, 0x0000026f678290b8]
Event: 1.782 Thread 0x0000026f71dd7060 nmethod 1365 0x0000026f67829190 code [0x0000026f678293c0, 0x0000026f678297f8]

GC Heap History (2 events):
Event: 1.682 GC heap before
{Heap before GC invocations=0 (full 0):
 garbage-first heap   total 129024K, used 24576K [0x0000000082c00000, 0x0000000100000000)
  region size 1024K, 23 young (23552K), 0 survivors (0K)
 Metaspace       used 7726K, committed 7936K, reserved 1114112K
  class space    used 956K, committed 1088K, reserved 1048576K
}
Event: 1.689 GC heap after
{Heap after GC invocations=1 (full 0):
 garbage-first heap   total 129024K, used 7461K [0x0000000082c00000, 0x0000000100000000)
  region size 1024K, 3 young (3072K), 3 survivors (3072K)
 Metaspace       used 7726K, committed 7936K, reserved 1114112K
  class space    used 956K, committed 1088K, reserved 1048576K
}

Deoptimization events (2 events):
Event: 1.458 Thread 0x0000026f5fae1970 DEOPT PACKING pc=0x0000026f676ed675 sp=0x00000088f91fd9d0
Event: 1.458 Thread 0x0000026f5fae1970 DEOPT UNPACKING pc=0x0000026f67462b43 sp=0x00000088f91fce28 mode 3

Classes loaded (20 events):
Event: 1.746 Loading class java/util/function/UnaryOperator
Event: 1.746 Loading class java/util/function/UnaryOperator done
Event: 1.747 Loading class java/util/ConcurrentModificationException
Event: 1.747 Loading class java/util/ConcurrentModificationException done
Event: 1.751 Loading class java/lang/ProcessEnvironment$CheckedKeySet
Event: 1.752 Loading class java/lang/ProcessEnvironment$CheckedKeySet done
Event: 1.752 Loading class java/util/stream/MatchOps$MatchKind
Event: 1.752 Loading class java/util/stream/MatchOps$MatchKind done
Event: 1.752 Loading class java/util/stream/MatchOps
Event: 1.753 Loading class java/util/stream/MatchOps done
Event: 1.753 Loading class java/util/stream/MatchOps$MatchOp
Event: 1.753 Loading class java/util/stream/MatchOps$MatchOp done
Event: 1.753 Loading class java/util/stream/MatchOps$BooleanTerminalSink
Event: 1.753 Loading class java/util/stream/MatchOps$BooleanTerminalSink done
Event: 1.753 Loading class java/util/stream/MatchOps$2MatchSink
Event: 1.753 Loading class java/util/stream/MatchOps$2MatchSink done
Event: 1.773 Loading class java/beans/PropertyEditorSupport
Event: 1.774 Loading class java/beans/PropertyEditor
Event: 1.774 Loading class java/beans/PropertyEditor done
Event: 1.774 Loading class java/beans/PropertyEditorSupport done

Classes unloaded (0 events):
No events

Classes redefined (0 events):
No events

Internal exceptions (20 events):
Event: 0.970 Thread 0x0000026f5fae1970 Exception <a 'java/lang/NoSuchMethodError'{0x0000000089f11ac8}: 'java.lang.Object java.lang.invoke.DirectMethodHandle$Holder.invokeStaticInit(java.lang.Object, int, int, int, int)'> (0x0000000089f11ac8) 
thrown [s\open\src\hotspot\share\interpreter\linkResolver.cpp, line 766]
Event: 1.057 Thread 0x0000026f5fae1970 Exception <a 'java/lang/NoSuchMethodError'{0x0000000089feafe0}: 'java.lang.Object java.lang.invoke.DirectMethodHandle$Holder.invokeStaticInit(java.lang.Object, java.lang.Object, int, int, int, int)'> (0x0000000089feafe0) 
thrown [s\open\src\hotspot\share\interpreter\linkResolver.cpp, line 766]
Event: 1.087 Thread 0x0000026f5fae1970 Exception <a 'java/lang/ClassNotFoundException'{0x0000000089e0a4f0}: javax/management/remote/rmi/RMIServerImpl_Skel> (0x0000000089e0a4f0) 
thrown [s\open\src\hotspot\share\classfile\systemDictionary.cpp, line 255]
Event: 1.109 Thread 0x0000026f5fae1970 Exception <a 'java/lang/NoSuchMethodError'{0x0000000089e24328}: 'long java.lang.invoke.DirectMethodHandle$Holder.invokeSpecial(java.lang.Object, java.lang.Object)'> (0x0000000089e24328) 
thrown [s\open\src\hotspot\share\interpreter\linkResolver.cpp, line 766]
Event: 1.109 Thread 0x0000026f5fae1970 Exception <a 'java/lang/NoSuchMethodError'{0x0000000089e279c0}: 'long java.lang.invoke.Invokers$Holder.invokeExact_MT(java.lang.Object, java.lang.Object)'> (0x0000000089e279c0) 
thrown [s\open\src\hotspot\share\interpreter\linkResolver.cpp, line 766]
Event: 1.120 Thread 0x0000026f5fae1970 Exception <a 'java/lang/NoSuchMethodError'{0x0000000089e3da30}: 'void java.lang.invoke.DirectMethodHandle$Holder.invokeSpecial(java.lang.Object, java.lang.Object, java.lang.Object)'> (0x0000000089e3da30) 
thrown [s\open\src\hotspot\share\interpreter\linkResolver.cpp, line 766]
Event: 1.251 Thread 0x0000026f5fae1970 Exception <a 'java/lang/ClassNotFoundException'{0x0000000089cb2380}: javax/smartcardio/CardPermission> (0x0000000089cb2380) 
thrown [s\open\src\hotspot\share\classfile\systemDictionary.cpp, line 255]
Event: 1.257 Thread 0x0000026f5fae1970 Exception <a 'java/io/FileNotFoundException'{0x0000000089cc0d10}> (0x0000000089cc0d10) 
thrown [s\open\src\hotspot\share\prims\jni.cpp, line 516]
Event: 1.354 Thread 0x0000026f5fae1970 Exception <a 'java/lang/NoSuchMethodError'{0x0000000089a95520}: 'void java.lang.invoke.DirectMethodHandle$Holder.invokeStatic(java.lang.Object, java.lang.Object, java.lang.Object, java.lang.Object)'> (0x0000000089a95520) 
thrown [s\open\src\hotspot\share\interpreter\linkResolver.cpp, line 766]
Event: 1.408 Thread 0x0000026f5fae1970 Exception <a 'java/lang/NoSuchMethodError'{0x00000000899b5cd0}: 'int java.lang.invoke.DirectMethodHandle$Holder.invokeStaticInit(java.lang.Object, java.lang.Object)'> (0x00000000899b5cd0) 
thrown [s\open\src\hotspot\share\interpreter\linkResolver.cpp, line 766]
Event: 1.428 Thread 0x0000026f5fae1970 Exception <a 'java/lang/NoSuchMethodError'{0x00000000899f71d0}: 'void java.lang.invoke.DirectMethodHandle$Holder.invokeInterface(java.lang.Object, java.lang.Object, java.lang.Object, java.lang.Object)'> (0x00000000899f71d0) 
thrown [s\open\src\hotspot\share\interpreter\linkResolver.cpp, line 766]
Event: 1.508 Thread 0x0000026f5fae1970 Exception <a 'java/lang/NoSuchMethodError'{0x000000008978ca60}: 'java.lang.Object java.lang.invoke.DirectMethodHandle$Holder.invokeInterface(java.lang.Object, java.lang.Object)'> (0x000000008978ca60) 
thrown [s\open\src\hotspot\share\interpreter\linkResolver.cpp, line 766]
Event: 1.524 Thread 0x0000026f5fae1970 Exception <a 'java/lang/NoSuchMethodError'{0x00000000897cd158}: 'java.lang.Object java.lang.invoke.DirectMethodHandle$Holder.invokeSpecialIFC(java.lang.Object, java.lang.Object, java.lang.Object, java.lang.Object)'> (0x00000000897cd158) 
thrown [s\open\src\hotspot\share\interpreter\linkResolver.cpp, line 766]
Event: 1.529 Thread 0x0000026f5fae1970 Exception <a 'java/lang/NoSuchMethodError'{0x00000000897e9d90}: 'java.lang.Object java.lang.invoke.DirectMethodHandle$Holder.invokeInterface(java.lang.Object, java.lang.Object, java.lang.Object)'> (0x00000000897e9d90) 
thrown [s\open\src\hotspot\share\interpreter\linkResolver.cpp, line 766]
Event: 1.561 Thread 0x0000026f5fae1970 Exception <a 'java/lang/NoSuchMethodError'{0x00000000896b4ea0}: 'int java.lang.invoke.DirectMethodHandle$Holder.invokeStaticInit(java.lang.Object, java.lang.Object, java.lang.Object)'> (0x00000000896b4ea0) 
thrown [s\open\src\hotspot\share\interpreter\linkResolver.cpp, line 766]
Event: 1.567 Thread 0x0000026f5fae1970 Exception <a 'java/lang/NoSuchMethodError'{0x00000000896e2a08}: 'java.lang.Object java.lang.invoke.DirectMethodHandle$Holder.invokeVirtual(java.lang.Object, java.lang.Object, java.lang.Object)'> (0x00000000896e2a08) 
thrown [s\open\src\hotspot\share\interpreter\linkResolver.cpp, line 766]
Event: 1.573 Thread 0x0000026f5fae1970 Exception <a 'java/lang/NoSuchMethodError'{0x0000000089517350}: 'java.lang.Object java.lang.invoke.DirectMethodHandle$Holder.newInvokeSpecial(java.lang.Object, java.lang.Object, java.lang.Object, java.lang.Object, java.lang.Object)'> (0x0000000089517350) 
thrown [s\open\src\hotspot\share\interpreter\linkResolver.cpp, line 766]
Event: 1.581 Thread 0x0000026f5fae1970 Exception <a 'java/lang/NoSuchMethodError'{0x0000000089567558}: 'java.lang.Object java.lang.invoke.DirectMethodHandle$Holder.invokeStaticInit(java.lang.Object, java.lang.Object, java.lang.Object)'> (0x0000000089567558) 
thrown [s\open\src\hotspot\share\interpreter\linkResolver.cpp, line 766]
Event: 1.596 Thread 0x0000026f5fae1970 Exception <a 'java/lang/IncompatibleClassChangeError'{0x00000000895d5dc0}: Found class java.lang.Object, but interface was expected> (0x00000000895d5dc0) 
thrown [s\open\src\hotspot\share\interpreter\linkResolver.cpp, line 833]
Event: 1.618 Thread 0x0000026f5fae1970 Exception <a 'sun/nio/fs/WindowsException'{0x0000000089457730}> (0x0000000089457730) 
thrown [s\open\src\hotspot\share\prims\jni.cpp, line 516]

VM Operations (18 events):
Event: 0.254 Executing VM operation: HandshakeAllThreads
Event: 0.254 Executing VM operation: HandshakeAllThreads done
Event: 0.630 Executing VM operation: HandshakeAllThreads
Event: 0.631 Executing VM operation: HandshakeAllThreads done
Event: 0.953 Executing VM operation: HandshakeAllThreads
Event: 0.953 Executing VM operation: HandshakeAllThreads done
Event: 1.124 Executing VM operation: HandshakeAllThreads
Event: 1.124 Executing VM operation: HandshakeAllThreads done
Event: 1.124 Executing VM operation: Cleanup
Event: 1.124 Executing VM operation: Cleanup done
Event: 1.181 Executing VM operation: HandshakeAllThreads
Event: 1.181 Executing VM operation: HandshakeAllThreads done
Event: 1.188 Executing VM operation: HandshakeAllThreads
Event: 1.188 Executing VM operation: HandshakeAllThreads done
Event: 1.620 Executing VM operation: HandshakeAllThreads
Event: 1.620 Executing VM operation: HandshakeAllThreads done
Event: 1.682 Executing VM operation: G1CollectForAllocation
Event: 1.689 Executing VM operation: G1CollectForAllocation done

Events (20 events):
Event: 0.075 Thread 0x0000026f71dd4640 Thread added: 0x0000026f71dd4640
Event: 0.075 Thread 0x0000026f71dd5f00 Thread added: 0x0000026f71dd5f00
Event: 0.076 Thread 0x0000026f71dd67b0 Thread added: 0x0000026f71dd67b0
Event: 0.076 Thread 0x0000026f71dd7060 Thread added: 0x0000026f71dd7060
Event: 0.076 Thread 0x0000026f71dd7a90 Thread added: 0x0000026f71dd7a90
Event: 0.235 Thread 0x0000026f71da6750 Thread added: 0x0000026f71da6750
Event: 0.254 Thread 0x0000026f71e5e080 Thread added: 0x0000026f71e5e080
Event: 0.255 Thread 0x0000026f71e5e580 Thread added: 0x0000026f71e5e580
Event: 0.277 Loaded shared library C:\Program Files\Java\jdk-18.0.1.1\bin\zip.dll
Event: 0.285 Loaded shared library C:\Program Files\Java\jdk-18.0.1.1\bin\instrument.dll
Event: 0.331 Loaded shared library C:\Program Files\Java\jdk-18.0.1.1\bin\net.dll
Event: 0.335 Loaded shared library C:\Program Files\Java\jdk-18.0.1.1\bin\nio.dll
Event: 0.348 Loaded shared library C:\Program Files\Java\jdk-18.0.1.1\bin\zip.dll
Event: 0.624 Loaded shared library C:\Program Files\JetBrains\IntelliJ IDEA 2023.1.4\bin\breakgen64.dll
Event: 0.625 Thread 0x0000026f7644eee0 Thread added: 0x0000026f7644eee0
Event: 0.625 Thread 0x0000026f7644f3a0 Thread added: 0x0000026f7644f3a0
Event: 0.639 Loaded shared library C:\Program Files\Java\jdk-18.0.1.1\bin\jimage.dll
Event: 0.703 Loaded shared library C:\Program Files\Java\jdk-18.0.1.1\bin\management.dll
Event: 0.735 Loaded shared library C:\Program Files\Java\jdk-18.0.1.1\bin\management_ext.dll
Event: 1.100 Thread 0x0000026f7659bc70 Thread added: 0x0000026f7659bc70


Dynamic libraries:
0x00007ff7f1840000 - 0x00007ff7f1850000 	C:\Program Files\Java\jdk-18.0.1.1\bin\java.exe
0x00007ffe3aa50000 - 0x00007ffe3ac48000 	C:\WINDOWS\SYSTEM32\ntdll.dll
0x00007ffe3a950000 - 0x00007ffe3aa0d000 	C:\WINDOWS\System32\KERNEL32.DLL
0x00007ffe382e0000 - 0x00007ffe385d6000 	C:\WINDOWS\System32\KERNELBASE.dll
0x00007ffe389b0000 - 0x00007ffe38ab0000 	C:\WINDOWS\System32\ucrtbase.dll
0x00007ffe18db0000 - 0x00007ffe18dca000 	C:\Program Files\Java\jdk-18.0.1.1\bin\VCRUNTIME140.dll
0x00007ffe18ba0000 - 0x00007ffe18bb8000 	C:\Program Files\Java\jdk-18.0.1.1\bin\jli.dll
0x00007ffe39d10000 - 0x00007ffe39dbe000 	C:\WINDOWS\System32\ADVAPI32.dll
0x00007ffe3a8a0000 - 0x00007ffe3a93e000 	C:\WINDOWS\System32\msvcrt.dll
0x00007ffe39000000 - 0x00007ffe3909c000 	C:\WINDOWS\System32\sechost.dll
0x00007ffe38ea0000 - 0x00007ffe38fc6000 	C:\WINDOWS\System32\RPCRT4.dll
0x00007ffe3a6a0000 - 0x00007ffe3a83e000 	C:\WINDOWS\System32\USER32.dll
0x00007ffe278a0000 - 0x00007ffe27b3a000 	C:\WINDOWS\WinSxS\amd64_microsoft.windows.common-controls_6595b64144ccf1df_6.0.19041.1110_none_60b5254171f9507e\COMCTL32.dll
0x00007ffe387b0000 - 0x00007ffe387d2000 	C:\WINDOWS\System32\win32u.dll
0x00007ffe38e10000 - 0x00007ffe38e3c000 	C:\WINDOWS\System32\GDI32.dll
0x00007ffe38890000 - 0x00007ffe389aa000 	C:\WINDOWS\System32\gdi32full.dll
0x00007ffe38710000 - 0x00007ffe387ad000 	C:\WINDOWS\System32\msvcp_win.dll
0x00007ffe30a30000 - 0x00007ffe30a3a000 	C:\WINDOWS\SYSTEM32\VERSION.dll
0x00007ffe38fd0000 - 0x00007ffe39000000 	C:\WINDOWS\System32\IMM32.DLL
0x00007ffe28eb0000 - 0x00007ffe28ebc000 	C:\Program Files\Java\jdk-18.0.1.1\bin\vcruntime140_1.dll
0x00007ffe00740000 - 0x00007ffe007cd000 	C:\Program Files\Java\jdk-18.0.1.1\bin\msvcp140.dll
0x00007ffdd0d70000 - 0x00007ffdd1980000 	C:\Program Files\Java\jdk-18.0.1.1\bin\server\jvm.dll
0x00007ffe39d00000 - 0x00007ffe39d08000 	C:\WINDOWS\System32\PSAPI.DLL
0x00007ffe21bd0000 - 0x00007ffe21bd9000 	C:\WINDOWS\SYSTEM32\WSOCK32.dll
0x00007ffe27d00000 - 0x00007ffe27d27000 	C:\WINDOWS\SYSTEM32\WINMM.dll
0x00007ffe397a0000 - 0x00007ffe3980b000 	C:\WINDOWS\System32\WS2_32.dll
0x00007ffe36960000 - 0x00007ffe36972000 	C:\WINDOWS\SYSTEM32\kernel.appcore.dll
0x00007ffe28180000 - 0x00007ffe2818a000 	C:\Program Files\Java\jdk-18.0.1.1\bin\jimage.dll
0x00007ffe36580000 - 0x00007ffe36764000 	C:\WINDOWS\SYSTEM32\DBGHELP.DLL
0x00007ffe24720000 - 0x00007ffe24754000 	C:\WINDOWS\SYSTEM32\dbgcore.DLL
0x00007ffe38680000 - 0x00007ffe38702000 	C:\WINDOWS\System32\bcryptPrimitives.dll
0x00007ffe32890000 - 0x00007ffe3289e000 	C:\Program Files\Java\jdk-18.0.1.1\bin\instrument.dll
0x00007ffe0e020000 - 0x00007ffe0e045000 	C:\Program Files\Java\jdk-18.0.1.1\bin\java.dll
0x00007ffe005a0000 - 0x00007ffe00676000 	C:\Program Files\Java\jdk-18.0.1.1\bin\jsvml.dll
0x00007ffe39dc0000 - 0x00007ffe3a505000 	C:\WINDOWS\System32\SHELL32.dll
0x00007ffe35de0000 - 0x00007ffe3657b000 	C:\WINDOWS\SYSTEM32\windows.storage.dll
0x00007ffe38ab0000 - 0x00007ffe38e04000 	C:\WINDOWS\System32\combase.dll
0x00007ffe37aa0000 - 0x00007ffe37ace000 	C:\WINDOWS\SYSTEM32\Wldp.dll
0x00007ffe390a0000 - 0x00007ffe3914d000 	C:\WINDOWS\System32\SHCORE.dll
0x00007ffe39150000 - 0x00007ffe391a5000 	C:\WINDOWS\System32\shlwapi.dll
0x00007ffe38060000 - 0x00007ffe38085000 	C:\WINDOWS\SYSTEM32\profapi.dll
0x00007ffe157c0000 - 0x00007ffe157d8000 	C:\Program Files\Java\jdk-18.0.1.1\bin\zip.dll
0x00007ffe15d40000 - 0x00007ffe15d53000 	C:\Program Files\Java\jdk-18.0.1.1\bin\net.dll
0x00007ffe2eac0000 - 0x00007ffe2ebca000 	C:\WINDOWS\SYSTEM32\WINHTTP.dll
0x00007ffe377b0000 - 0x00007ffe3781a000 	C:\WINDOWS\system32\mswsock.dll
0x00007ffe158a0000 - 0x00007ffe158b6000 	C:\Program Files\Java\jdk-18.0.1.1\bin\nio.dll
0x00007ffe216e0000 - 0x00007ffe216fa000 	C:\Program Files\JetBrains\IntelliJ IDEA 2023.1.4\bin\breakgen64.dll
0x00007ffe374f0000 - 0x00007ffe375ba000 	C:\WINDOWS\SYSTEM32\DNSAPI.dll
0x00007ffe374b0000 - 0x00007ffe374eb000 	C:\WINDOWS\SYSTEM32\IPHLPAPI.DLL
0x00007ffe391b0000 - 0x00007ffe391b8000 	C:\WINDOWS\System32\NSI.dll
0x000000006ca10000 - 0x000000006ca36000 	C:\Program Files\Bonjour\mdnsNSP.dll
0x00007ffe30680000 - 0x00007ffe3068a000 	C:\Windows\System32\rasadhlp.dll
0x00007ffe29540000 - 0x00007ffe295c2000 	C:\WINDOWS\System32\fwpuclnt.dll
0x00007ffe38650000 - 0x00007ffe38677000 	C:\WINDOWS\System32\bcrypt.dll
0x00007ffe24a90000 - 0x00007ffe24a99000 	C:\Program Files\Java\jdk-18.0.1.1\bin\management.dll
0x00007ffe249b0000 - 0x00007ffe249bb000 	C:\Program Files\Java\jdk-18.0.1.1\bin\management_ext.dll
0x00007ffe37960000 - 0x00007ffe37978000 	C:\WINDOWS\SYSTEM32\CRYPTSP.dll
0x00007ffe370d0000 - 0x00007ffe37104000 	C:\WINDOWS\system32\rsaenh.dll
0x00007ffe37fe0000 - 0x00007ffe3800e000 	C:\WINDOWS\SYSTEM32\USERENV.dll
0x00007ffe37980000 - 0x00007ffe3798c000 	C:\WINDOWS\SYSTEM32\CRYPTBASE.dll
0x00007ffe30cd0000 - 0x00007ffe30ce7000 	C:\WINDOWS\SYSTEM32\dhcpcsvc6.DLL
0x00007ffe30cb0000 - 0x00007ffe30ccd000 	C:\WINDOWS\SYSTEM32\dhcpcsvc.DLL
0x00007ffe21890000 - 0x00007ffe218a7000 	C:\WINDOWS\system32\napinsp.dll
0x00007ffe21870000 - 0x00007ffe2188b000 	C:\WINDOWS\system32\pnrpnsp.dll
0x00007ffe21850000 - 0x00007ffe21865000 	C:\WINDOWS\system32\wshbth.dll
0x00007ffe335f0000 - 0x00007ffe3360d000 	C:\WINDOWS\system32\NLAapi.dll
0x00007ffe1f1a0000 - 0x00007ffe1f1b2000 	C:\WINDOWS\System32\winrnr.dll

dbghelp: loaded successfully - version: 4.0.5 - missing functions: none
symbol engine: initialized successfully - sym options: 0x614 - pdb path: .;C:\Program Files\Java\jdk-18.0.1.1\bin;C:\WINDOWS\SYSTEM32;C:\WINDOWS\WinSxS\amd64_microsoft.windows.common-controls_6595b64144ccf1df_6.0.19041.1110_none_60b5254171f9507e;C:\Program Files\Java\jdk-18.0.1.1\bin\server;C:\Program Files\JetBrains\IntelliJ IDEA 2023.1.4\bin;C:\Program Files\Bonjour

VM Arguments:
jvm_args: -XX:TieredStopAtLevel=1 -Dspring.output.ansi.enabled=always -Dcom.sun.management.jmxremote -Dspring.jmx.enabled=true -Dspring.liveBeansView.mbeanDomain -Dspring.application.admin.enabled=true -Dmanagement.endpoints.jmx.exposure.include=* -javaagent:C:\Program Files\JetBrains\IntelliJ IDEA 2023.1.4\lib\idea_rt.jar=60251:C:\Program Files\JetBrains\IntelliJ IDEA 2023.1.4\bin -Dfile.encoding=UTF-8 -Dsun.stdout.encoding=UTF-8 -Dsun.stderr.encoding=UTF-8 
java_command: com.Travo.Travobackend.TravoBackendApplication
java_class_path (initial): C:\Users\Sanduni Gunawardhana\Desktop\3rd year\Group project\group project\Repo\travo-tms\Server\Travo-backend\target\classes;C:\Users\Sanduni Gunawardhana\.m2\repository\org\springframework\boot\spring-boot-starter-data-jpa\3.1.2\spring-boot-starter-data-jpa-3.1.2.jar;C:\Users\Sanduni Gunawardhana\.m2\repository\org\springframework\boot\spring-boot-starter-aop\3.1.2\spring-boot-starter-aop-3.1.2.jar;C:\Users\Sanduni Gunawardhana\.m2\repository\org\aspectj\aspectjweaver\1.9.19\aspectjweaver-1.9.19.jar;C:\Users\Sanduni Gunawardhana\.m2\repository\org\springframework\boot\spring-boot-starter-jdbc\3.1.2\spring-boot-starter-jdbc-3.1.2.jar;C:\Users\Sanduni Gunawardhana\.m2\repository\com\zaxxer\HikariCP\5.0.1\HikariCP-5.0.1.jar;C:\Users\Sanduni Gunawardhana\.m2\repository\org\springframework\spring-jdbc\6.0.11\spring-jdbc-6.0.11.jar;C:\Users\Sanduni Gunawardhana\.m2\repository\org\hibernate\orm\hibernate-core\6.2.6.Final\hibernate-core-6.2.6.Final.jar;C:\Users\Sanduni Gunawardhana\.m2\repository\jakarta\persistence\jakarta.persistence-api\3.1.0\jakarta.persistence-api-3.1.0.jar;C:\Users\Sanduni Gunawardhana\.m2\repository\jakarta\transaction\jakarta.transaction-api\2.0.1\jakarta.transaction-api-2.0.1.jar;C:\Users\Sanduni Gunawardhana\.m2\repository\org\jboss\logging\jboss-logging\3.5.3.Final\jboss-logging-3.5.3.Final.jar;C:\Users\Sanduni Gunawardhana\.m2\repository\org\hibernate\common\hibernate-commons-annotations\6.0.6.Final\hibernate-commons-annotations-6.0.6.Final.jar;C:\Users\Sanduni Gunawardhana\.m2\repository\io\smallrye\jandex\3.0.5\jandex-3.0.5.jar;C:\Users\Sanduni Gunawardhana\.m2\repository\com\fasterxml\classmate\1.5.1\classmate-1.5.1.jar;C:\Users\Sanduni Gunawardhana\.m2\repository\net\bytebuddy\byte-buddy\1.14.5\byte-buddy-1.14.5.jar;C:\Users\Sanduni Gunawardhana\.m2\repository\org\glassfish\jaxb\jaxb-runtime\4.0.3\jaxb-runtime-4.0.3.jar;C:\Users\Sanduni Gunawardhana\.m2\repository\org\glassfish\jaxb\jaxb-core\4.0.3\jaxb-core-4.0.3.jar;C:\Users\Sanduni Gunawardhana\.m2\repository\org\eclipse\angus\angus-activation\2.0.1\angus-activation-2.0.1.jar;C:\Users\Sanduni Gunawardhana\.m2\repository\org\glassfish\jaxb\txw2\4.0.3\txw2-4.0.3.jar;C:\Users\Sanduni Gunawardhana\.m2\repository\com\sun\istack\istack-commons-runtime\4.1.2\istack-commons-runtime-4.1.2.jar;C:\Users\Sanduni Gunawardhana\.m2\repository\jakarta\inject\jakarta.inject-api\2.0.1\jakarta.inject-api-2.0.1.jar;C:\Users\Sanduni Gunawardhana\.m2\repository\org\antlr\antlr4-runtime\4.10.1\antlr4-runtime-4.10.1.jar;C:\Users\Sanduni Gunawardhana\.m2\repository\org\springframework\data\spring-data-jpa\3.1.2\spring-data-jpa-3.1.2.jar;C:\Users\Sanduni Gunawardhana\.m2\repository\org\springframework\data\spring-data-commons\3.1.2\spring-data-commons-3.1.2.jar;C:\Users\Sanduni Gunawardhana\.m2\repository\org\springframework\spring-orm\6.0.11\spring-orm-6.0.11.jar;C:\Users\Sanduni Gunawardhana\.m2\repository\org\springframework\spring-context\6.0.11\spring-context-6.0.11.jar;C:\Users\Sanduni Gunawardhana\.m2\repository\org\springframework\spring-tx\6.0.11\spring-tx-6.0.11.jar;C:\Users\Sanduni Gunawardhana\.m2\repository\org\springframework\spring-beans\6.0.11\spring-beans-6.0.11.jar;C:\Users\Sanduni Gunawardhana\.m2\repository\jakarta\annotation\jakarta.annotation-api\2.1.1\jakarta.annotation-api-2.1.1.jar;C:\Users\Sanduni Gunawardhana\.m2\repository\org\slf4j\slf4j-api\2.0.7\slf4j-api-2.0.7.jar;C:\Users\Sanduni Gunawardhana\.m2\repository\org\springframework\spring-aspects\6.0.11\spring-aspects-6.0.11.jar;C:\Users\Sanduni Gunawardhana\.m2\repository\org\springframework\boot\spring-boot-starter-security\3.1.2\spring-boot-starter-security-3.1.2.jar;C:\Users\Sanduni Gunawardhana\.m2\repository\org\springframework\boot\spring-boot-starter\3.1.2\spring-boot-starter-3.1.2.jar;C:\Users\Sanduni Gunawardhana\.m2\repository\org\springframework\boot\spring-boot\3.1.2\spring-boot-3.1.2.jar;C:\Users\Sanduni Gunawardhana\.m2\repository\org\springframework\boot\spring-boot-autoconfigure\3.1.2\spring-boot-autoconfigure-3.1.2.jar;C:\Users\Sanduni Gunawardhana\.m2\repository\org\springframework\boot\spring-boot-starter-logging\3.1.2\spring-boot-starter-logging-3.1.2.jar;C:\Users\Sanduni Gunawardhana\.m2\repository\ch\qos\logback\logback-classic\1.4.8\logback-classic-1.4.8.jar;C:\Users\Sanduni Gunawardhana\.m2\repository\ch\qos\logback\logback-core\1.4.8\logback-core-1.4.8.jar;C:\Users\Sanduni Gunawardhana\.m2\repository\org\apache\logging\log4j\log4j-to-slf4j\2.20.0\log4j-to-slf4j-2.20.0.jar;C:\Users\Sanduni Gunawardhana\.m2\repository\org\apache\logging\log4j\log4j-api\2.20.0\log4j-api-2.20.0.jar;C:\Users\Sanduni Gunawardhana\.m2\repository\org\slf4j\jul-to-slf4j\2.0.7\jul-to-slf4j-2.0.7.jar;C:\Users\Sanduni Gunawardhana\.m2\repository\org\yaml\snakeyaml\1.33\snakeyaml-1.33.jar;C:\Users\Sanduni Gunawardhana\.m2\repository\org\springframework\spring-aop\6.0.11\spring-aop-6.0.11.jar;C:\Users\Sanduni Gunawardhana\.m2\repository\org\springframework\security\spring-security-config\6.1.2\spring-security-config-6.1.2.jar;C:\Users\Sanduni Gunawardhana\.m2\repository\org\springframework\security\spring-security-web\6.1.2\spring-security-web-6.1.2.jar;C:\Users\Sanduni Gunawardhana\.m2\repository\org\springframework\spring-expression\6.0.11\spring-expression-6.0.11.jar;C:\Users\Sanduni Gunawardhana\.m2\repository\org\springframework\boot\spring-boot-starter-web\3.1.2\spring-boot-starter-web-3.1.2.jar;C:\Users\Sanduni Gunawardhana\.m2\repository\org\springframework\boot\spring-boot-starter-json\3.1.2\spring-boot-starter-json-3.1.2.jar;C:\Users\Sanduni Gunawardhana\.m2\repository\com\fasterxml\jackson\datatype\jackson-datatype-jdk8\2.15.2\jackson-datatype-jdk8-2.15.2.jar;C:\Users\Sanduni Gunawardhana\.m2\repository\com\fasterxml\jackson\datatype\jackson-datatype-jsr310\2.15.2\jackson-datatype-jsr310-2.15.2.jar;C:\Users\Sanduni Gunawardhana\.m2\repository\com\fasterxml\jackson\module\jackson-module-parameter-names\2.15.2\jackson-module-parameter-names-2.15.2.jar;C:\Users\Sanduni Gunawardhana\.m2\repository\org\springframework\boot\spring-boot-starter-tomcat\3.1.2\spring-boot-starter-tomcat-3.1.2.jar;C:\Users\Sanduni Gunawardhana\.m2\repository\org\apache\tomcat\embed\tomcat-embed-core\10.1.11\tomcat-embed-core-10.1.11.jar;C:\Users\Sanduni Gunawardhana\.m2\repository\org\apache\tomcat\embed\tomcat-embed-el\10.1.11\tomcat-embed-el-10.1.11.jar;C:\Users\Sanduni Gunawardhana\.m2\repository\org\apache\tomcat\embed\tomcat-embed-websocket\10.1.11\tomcat-embed-websocket-10.1.11.jar;C:\Users\Sanduni Gunawardhana\.m2\repository\org\springframework\spring-web\6.0.11\spring-web-6.0.11.jar;C:\Users\Sanduni Gunawardhana\.m2\repository\io\micrometer\micrometer-observation\1.11.2\micrometer-observation-1.11.2.jar;C:\Users\Sanduni Gunawardhana\.m2\repository\io\micrometer\micrometer-commons\1.11.2\micrometer-commons-1.11.2.jar;C:\Users\Sanduni Gunawardhana\.m2\repository\org\springframework\spring-webmvc\6.0.11\spring-webmvc-6.0.11.jar;C:\Users\Sanduni Gunawardhana\.m2\repository\com\mysql\mysql-connector-j\8.0.33\mysql-connector-j-8.0.33.jar;C:\Users\Sanduni Gunawardhana\.m2\repository\org\projectlombok\lombok\1.18.28\lombok-1.18.28.jar;C:\Users\Sanduni Gunawardhana\.m2\repository\io\jsonwebtoken\jjwt-api\0.11.5\jjwt-api-0.11.5.jar;C:\Users\Sanduni Gunawardhana\.m2\repository\io\jsonwebtoken\jjwt-impl\0.11.5\jjwt-impl-0.11.5.jar;C:\Users\Sanduni Gunawardhana\.m2\repository\io\jsonwebtoken\jjwt-jackson\0.11.5\jjwt-jackson-0.11.5.jar;C:\Users\Sanduni Gunawardhana\.m2\repository\com\fasterxml\jackson\core\jackson-databind\2.15.2\jackson-databind-2.15.2.jar;C:\Users\Sanduni Gunawardhana\.m2\repository\com\fasterxml\jackson\core\jackson-annotations\2.15.2\jackson-annotations-2.15.2.jar;C:\Users\Sanduni Gunawardhana\.m2\repository\com\fasterxml\jackson\core\jackson-core\2.15.2\jackson-core-2.15.2.jar;C:\Users\Sanduni Gunawardhana\.m2\repository\jakarta\xml\bind\jakarta.xml.bind-api\4.0.0\jakarta.xml.bind-api-4.0.0.jar;C:\Users\Sanduni Gunawardhana\.m2\repository\jakarta\activation\jakarta.activation-api\2.1.2\jakarta.activation-api-2.1.2.jar;C:\Users\Sanduni Gunawardhana\.m2\repository\org\springframework\spring-core\6.0.11\spring-core-6.0.11.jar;C:\Users\Sanduni Gunawardhana\.m2\repository\org\springframework\spring-jcl\6.0.11\spring-jcl-6.0.11.jar;C:\Users\Sanduni Gunawardhana\.m2\repository\org\springframework\security\spring-security-core\6.1.2\spring-security-core-6.1.2.jar;C:\Users\Sanduni Gunawardhana\.m2\repository\org\springframework\security\spring-security-crypto\6.1.2\spring-security-crypto-6.1.2.jar;C:\Users\Sanduni Gunawardhana\.m2\repository\jakarta\servlet\jakarta.servlet-api\6.0.0\jakarta.servlet-api-6.0.0.jar;C:\Users\Sanduni Gunawardhana\.m2\repository\org\apache\xbean\xbean-reflect\3.7\xbean-reflect-3.7.jar
Launcher Type: SUN_STANDARD

[Global flags]
     intx CICompilerCount                          = 4                                         {product} {ergonomic}
     uint ConcGCThreads                            = 3                                         {product} {ergonomic}
     uint G1ConcRefinementThreads                  = 10                                        {product} {ergonomic}
   size_t G1HeapRegionSize                         = 1048576                                   {product} {ergonomic}
    uintx GCDrainStackTargetSize                   = 64                                        {product} {ergonomic}
   size_t InitialHeapSize                          = 132120576                                 {product} {ergonomic}
     bool ManagementServer                         = true                                      {product} {command line}
   size_t MarkStackSize                            = 4194304                                   {product} {ergonomic}
   size_t MaxHeapSize                              = 2101346304                                {product} {ergonomic}
   size_t MaxNewSize                               = 1260388352                                {product} {ergonomic}
   size_t MinHeapDeltaBytes                        = 1048576                                   {product} {ergonomic}
   size_t MinHeapSize                              = 8388608                                   {product} {ergonomic}
    uintx NonProfiledCodeHeapSize                  = 0                                      {pd product} {ergonomic}
     bool ProfileInterpreter                       = false                                  {pd product} {command line}
    uintx ProfiledCodeHeapSize                     = 0                                      {pd product} {ergonomic}
   size_t SoftMaxHeapSize                          = 2101346304                             {manageable} {ergonomic}
     intx TieredStopAtLevel                        = 1                                         {product} {command line}
     bool UseCompressedClassPointers               = true                           {product lp64_product} {ergonomic}
     bool UseCompressedOops                        = true                           {product lp64_product} {ergonomic}
     bool UseG1GC                                  = true                                      {product} {ergonomic}
     bool UseLargePagesIndividualAllocation        = false                                  {pd product} {ergonomic}

Logging:
Log output configuration:
 #0: stdout all=warning uptime,level,tags foldmultilines=false
 #1: stderr all=off uptime,level,tags foldmultilines=false

Environment Variables:
PATH=C:\Program Files\Java\jdk-17\bin;C:\Program Files\Eclipse Adoptium\jdk-17.0.4.101-hotspot\bin;C:\Python310\Scripts\;C:\Python310\;C:\Program Files (x86)\Common Files\Oracle\Java\javapath;C:\Windows\system32;C:\Windows;C:\Windows\System32\Wbem;C:\Windows\System32\WindowsPowerShell\v1.0\;C:\Windows\System32\OpenSSH\;C:\Program Files (x86)\NVIDIA Corporation\PhysX\Common;C:\Program Files\NVIDIA Corporation\NVIDIA NvDLISR;C:\WINDOWS\system32;C:\WINDOWS;C:\WINDOWS\System32\Wbem;C:\WINDOWS\System32\WindowsPowerShell\v1.0\;C:\WINDOWS\System32\OpenSSH\;C:\Program Files\PuTTY\;C:\Program Files\Git\cmd;C:\Users\Sanduni Gunawardhana\Downloads\scala3-3.1.3\scala3-3.1.3\bin;C:\Program Files\JetBrains\IntelliJ IDEA Community Edition 2022.1.2\bin;C:\Program Files\nodejs\;C:\ProgramData\chocolatey\bin;C:\kotlinc\bin;C:\Python310;C:\Users\Sanduni Gunawardhana\AppData\Local\Programs\Microsoft VS Code\bin;C:\Program Files\JetBrains\IntelliJ IDEA Community Edition 2022.1.2\bin;C:\Users\Sanduni Gunawardhana\AppData\Local\GitHubDesktop\bin;C:\Users\Sanduni Gunawardhana\AppData\Local\Coursier\data\bin;C:\Users\Sanduni Gunawardhana\AppData\Roaming\npm;C:\Users\Sanduni Gunawardhana\Downloads\geckodriver-v0.31.0-win64;C:\Users\Sanduni Gunawardhana\AppData\Local\atom\bin;C:\Program Files\JetBrains\IntelliJ IDEA 2023.1.4\bin;
USERNAME=Sanduni Gunawardhana
OS=Windows_NT
PROCESSOR_IDENTIFIER=Intel64 Family 6 Model 166 Stepping 0, GenuineIntel



---------------  S Y S T E M  ---------------

OS:
 Windows 10 , 64 bit Build 19041 (10.0.19041.3393)
OS uptime: 9 days 18:20 hours
Hyper-V role detected

CPU: total 12 (initial active 12) (6 cores per cpu, 2 threads per core) family 6 model 166 stepping 0 microcode 0xca, cx8, cmov, fxsr, ht, mmx, 3dnowpref, sse, sse2, sse3, ssse3, sse4.1, sse4.2, popcnt, lzcnt, tsc, tscinvbit, avx, avx2, aes, erms, clmul, bmi1, bmi2, adx, fma, vzeroupper, clflush, clflushopt, hv

Memory: 4k page, system-wide physical 8012M (372M free)
TotalPageFile size 32588M (AvailPageFile size 0M)
current process WorkingSet (physical memory assigned to process): 80M, peak: 80M
current process commit charge ("private bytes"): 226M, peak: 226M

vm_info: Java HotSpot(TM) 64-Bit Server VM (18.0.1.1+2-6) for windows-amd64 JRE (18.0.1.1+2-6), built on Apr 25 2022 21:53:15 by "mach5one" with MS VC++ 16.8 / 16.9 (VS2019)

END.
